CRITICAL - 2022-08-26 23:01:44 --> include_once(include/navLateral.php): failed to open stream: No such file or directory
in APPPATH\Views\bienvenido.php on line 14.
 1 APPPATH\Views\bienvenido.php(14): CodeIgniter\Debug\Exceptions->errorHandler(2, 'include_once(include/navLateral.php): failed to open stream: No such file or directory', 'APPPATH\\Views\\bienvenido.php', 14, [])
 2 APPPATH\Views\bienvenido.php(14): include_once()
 3 SYSTEMPATH\View\View.php(213): include('APPPATH\\Views\\bienvenido.php')
 4 SYSTEMPATH\View\View.php(216): CodeIgniter\View\View->CodeIgniter\View\{closure}()
 5 SYSTEMPATH\Common.php(1137): CodeIgniter\View\View->render('bienvenido.php', [], true)
 6 APPPATH\Controllers\BienvenidoController.php(10): view('bienvenido.php')
 7 SYSTEMPATH\CodeIgniter.php(904): App\Controllers\BienvenidoController->bienvenido()
 8 SYSTEMPATH\CodeIgniter.php(457): CodeIgniter\CodeIgniter->runController(Object(App\Controllers\BienvenidoController))
 9 SYSTEMPATH\CodeIgniter.php(340): CodeIgniter\CodeIgniter->handleRequest(null, Object(Config\Cache), false)
10 FCPATH\index.php(67): CodeIgniter\CodeIgniter->run()
CRITICAL - 2022-08-26 23:02:25 --> include_once(include/navLateral.php): failed to open stream: No such file or directory
in APPPATH\Views\bienvenido.php on line 14.
 1 APPPATH\Views\bienvenido.php(14): CodeIgniter\Debug\Exceptions->errorHandler(2, 'include_once(include/navLateral.php): failed to open stream: No such file or directory', 'APPPATH\\Views\\bienvenido.php', 14, [])
 2 APPPATH\Views\bienvenido.php(14): include_once()
 3 SYSTEMPATH\View\View.php(213): include('APPPATH\\Views\\bienvenido.php')
 4 SYSTEMPATH\View\View.php(216): CodeIgniter\View\View->CodeIgniter\View\{closure}()
 5 SYSTEMPATH\Common.php(1137): CodeIgniter\View\View->render('bienvenido.php', [], true)
 6 APPPATH\Controllers\BienvenidoController.php(10): view('bienvenido.php')
 7 SYSTEMPATH\CodeIgniter.php(904): App\Controllers\BienvenidoController->bienvenido()
 8 SYSTEMPATH\CodeIgniter.php(457): CodeIgniter\CodeIgniter->runController(Object(App\Controllers\BienvenidoController))
 9 SYSTEMPATH\CodeIgniter.php(340): CodeIgniter\CodeIgniter->handleRequest(null, Object(Config\Cache), false)
10 FCPATH\index.php(67): CodeIgniter\CodeIgniter->run()
CRITICAL - 2022-08-26 23:02:25 --> include_once(include/navLateral.php): failed to open stream: No such file or directory
in APPPATH\Views\bienvenido.php on line 14.
 1 APPPATH\Views\bienvenido.php(14): CodeIgniter\Debug\Exceptions->errorHandler(2, 'include_once(include/navLateral.php): failed to open stream: No such file or directory', 'APPPATH\\Views\\bienvenido.php', 14, [])
 2 APPPATH\Views\bienvenido.php(14): include_once()
 3 SYSTEMPATH\View\View.php(213): include('APPPATH\\Views\\bienvenido.php')
 4 SYSTEMPATH\View\View.php(216): CodeIgniter\View\View->CodeIgniter\View\{closure}()
 5 SYSTEMPATH\Common.php(1137): CodeIgniter\View\View->render('bienvenido.php', [], true)
 6 APPPATH\Controllers\BienvenidoController.php(10): view('bienvenido.php')
 7 SYSTEMPATH\CodeIgniter.php(904): App\Controllers\BienvenidoController->bienvenido()
 8 SYSTEMPATH\CodeIgniter.php(457): CodeIgniter\CodeIgniter->runController(Object(App\Controllers\BienvenidoController))
 9 SYSTEMPATH\CodeIgniter.php(340): CodeIgniter\CodeIgniter->handleRequest(null, Object(Config\Cache), false)
10 FCPATH\index.php(67): CodeIgniter\CodeIgniter->run()
CRITICAL - 2022-08-26 23:02:25 --> include_once(include/navLateral.php): failed to open stream: No such file or directory
in APPPATH\Views\bienvenido.php on line 14.
 1 APPPATH\Views\bienvenido.php(14): CodeIgniter\Debug\Exceptions->errorHandler(2, 'include_once(include/navLateral.php): failed to open stream: No such file or directory', 'APPPATH\\Views\\bienvenido.php', 14, [])
 2 APPPATH\Views\bienvenido.php(14): include_once()
 3 SYSTEMPATH\View\View.php(213): include('APPPATH\\Views\\bienvenido.php')
 4 SYSTEMPATH\View\View.php(216): CodeIgniter\View\View->CodeIgniter\View\{closure}()
 5 SYSTEMPATH\Common.php(1137): CodeIgniter\View\View->render('bienvenido.php', [], true)
 6 APPPATH\Controllers\BienvenidoController.php(10): view('bienvenido.php')
 7 SYSTEMPATH\CodeIgniter.php(904): App\Controllers\BienvenidoController->bienvenido()
 8 SYSTEMPATH\CodeIgniter.php(457): CodeIgniter\CodeIgniter->runController(Object(App\Controllers\BienvenidoController))
 9 SYSTEMPATH\CodeIgniter.php(340): CodeIgniter\CodeIgniter->handleRequest(null, Object(Config\Cache), false)
10 FCPATH\index.php(67): CodeIgniter\CodeIgniter->run()
CRITICAL - 2022-08-26 23:03:29 --> include_once(include/link.php): failed to open stream: No such file or directory
in APPPATH\Views\bienvenido.php on line 7.
 1 APPPATH\Views\bienvenido.php(7): CodeIgniter\Debug\Exceptions->errorHandler(2, 'include_once(include/link.php): failed to open stream: No such file or directory', 'APPPATH\\Views\\bienvenido.php', 7, [])
 2 APPPATH\Views\bienvenido.php(7): include_once()
 3 SYSTEMPATH\View\View.php(213): include('APPPATH\\Views\\bienvenido.php')
 4 SYSTEMPATH\View\View.php(216): CodeIgniter\View\View->CodeIgniter\View\{closure}()
 5 SYSTEMPATH\Common.php(1137): CodeIgniter\View\View->render('bienvenido.php', [], true)
 6 APPPATH\Controllers\BienvenidoController.php(10): view('bienvenido.php')
 7 SYSTEMPATH\CodeIgniter.php(904): App\Controllers\BienvenidoController->bienvenido()
 8 SYSTEMPATH\CodeIgniter.php(457): CodeIgniter\CodeIgniter->runController(Object(App\Controllers\BienvenidoController))
 9 SYSTEMPATH\CodeIgniter.php(340): CodeIgniter\CodeIgniter->handleRequest(null, Object(Config\Cache), false)
10 FCPATH\index.php(67): CodeIgniter\CodeIgniter->run()
CRITICAL - 2022-08-26 23:06:51 --> include_once(include/navBar.php): failed to open stream: No such file or directory
in APPPATH\Views\bienvenido.php on line 14.
 1 APPPATH\Views\bienvenido.php(14): CodeIgniter\Debug\Exceptions->errorHandler(2, 'include_once(include/navBar.php): failed to open stream: No such file or directory', 'APPPATH\\Views\\bienvenido.php', 14, [])
 2 APPPATH\Views\bienvenido.php(14): include_once()
 3 SYSTEMPATH\View\View.php(213): include('APPPATH\\Views\\bienvenido.php')
 4 SYSTEMPATH\View\View.php(216): CodeIgniter\View\View->CodeIgniter\View\{closure}()
 5 SYSTEMPATH\Common.php(1137): CodeIgniter\View\View->render('bienvenido.php', [], true)
 6 APPPATH\Controllers\BienvenidoController.php(10): view('bienvenido.php')
 7 SYSTEMPATH\CodeIgniter.php(904): App\Controllers\BienvenidoController->bienvenido()
 8 SYSTEMPATH\CodeIgniter.php(457): CodeIgniter\CodeIgniter->runController(Object(App\Controllers\BienvenidoController))
 9 SYSTEMPATH\CodeIgniter.php(340): CodeIgniter\CodeIgniter->handleRequest(null, Object(Config\Cache), false)
10 FCPATH\index.php(67): CodeIgniter\CodeIgniter->run()
CRITICAL - 2022-08-26 23:06:52 --> include_once(include/navBar.php): failed to open stream: No such file or directory
in APPPATH\Views\bienvenido.php on line 14.
 1 APPPATH\Views\bienvenido.php(14): CodeIgniter\Debug\Exceptions->errorHandler(2, 'include_once(include/navBar.php): failed to open stream: No such file or directory', 'APPPATH\\Views\\bienvenido.php', 14, [])
 2 APPPATH\Views\bienvenido.php(14): include_once()
 3 SYSTEMPATH\View\View.php(213): include('APPPATH\\Views\\bienvenido.php')
 4 SYSTEMPATH\View\View.php(216): CodeIgniter\View\View->CodeIgniter\View\{closure}()
 5 SYSTEMPATH\Common.php(1137): CodeIgniter\View\View->render('bienvenido.php', [], true)
 6 APPPATH\Controllers\BienvenidoController.php(10): view('bienvenido.php')
 7 SYSTEMPATH\CodeIgniter.php(904): App\Controllers\BienvenidoController->bienvenido()
 8 SYSTEMPATH\CodeIgniter.php(457): CodeIgniter\CodeIgniter->runController(Object(App\Controllers\BienvenidoController))
 9 SYSTEMPATH\CodeIgniter.php(340): CodeIgniter\CodeIgniter->handleRequest(null, Object(Config\Cache), false)
10 FCPATH\index.php(67): CodeIgniter\CodeIgniter->run()
CRITICAL - 2022-08-26 23:08:27 --> include_once(include/navBar.php): failed to open stream: No such file or directory
in APPPATH\Views\bienvenido.php on line 14.
 1 APPPATH\Views\bienvenido.php(14): CodeIgniter\Debug\Exceptions->errorHandler(2, 'include_once(include/navBar.php): failed to open stream: No such file or directory', 'APPPATH\\Views\\bienvenido.php', 14, [])
 2 APPPATH\Views\bienvenido.php(14): include_once()
 3 SYSTEMPATH\View\View.php(213): include('APPPATH\\Views\\bienvenido.php')
 4 SYSTEMPATH\View\View.php(216): CodeIgniter\View\View->CodeIgniter\View\{closure}()
 5 SYSTEMPATH\Common.php(1137): CodeIgniter\View\View->render('bienvenido.php', [], true)
 6 APPPATH\Controllers\BienvenidoController.php(10): view('bienvenido.php')
 7 SYSTEMPATH\CodeIgniter.php(904): App\Controllers\BienvenidoController->bienvenido()
 8 SYSTEMPATH\CodeIgniter.php(457): CodeIgniter\CodeIgniter->runController(Object(App\Controllers\BienvenidoController))
 9 SYSTEMPATH\CodeIgniter.php(340): CodeIgniter\CodeIgniter->handleRequest(null, Object(Config\Cache), false)
10 FCPATH\index.php(67): CodeIgniter\CodeIgniter->run()
CRITICAL - 2022-08-26 23:08:28 --> include_once(include/navBar.php): failed to open stream: No such file or directory
in APPPATH\Views\bienvenido.php on line 14.
 1 APPPATH\Views\bienvenido.php(14): CodeIgniter\Debug\Exceptions->errorHandler(2, 'include_once(include/navBar.php): failed to open stream: No such file or directory', 'APPPATH\\Views\\bienvenido.php', 14, [])
 2 APPPATH\Views\bienvenido.php(14): include_once()
 3 SYSTEMPATH\View\View.php(213): include('APPPATH\\Views\\bienvenido.php')
 4 SYSTEMPATH\View\View.php(216): CodeIgniter\View\View->CodeIgniter\View\{closure}()
 5 SYSTEMPATH\Common.php(1137): CodeIgniter\View\View->render('bienvenido.php', [], true)
 6 APPPATH\Controllers\BienvenidoController.php(10): view('bienvenido.php')
 7 SYSTEMPATH\CodeIgniter.php(904): App\Controllers\BienvenidoController->bienvenido()
 8 SYSTEMPATH\CodeIgniter.php(457): CodeIgniter\CodeIgniter->runController(Object(App\Controllers\BienvenidoController))
 9 SYSTEMPATH\CodeIgniter.php(340): CodeIgniter\CodeIgniter->handleRequest(null, Object(Config\Cache), false)
10 FCPATH\index.php(67): CodeIgniter\CodeIgniter->run()
CRITICAL - 2022-08-26 23:10:01 --> include_once(include/navBar.php): failed to open stream: No such file or directory
in APPPATH\Views\bienvenido.php on line 14.
 1 APPPATH\Views\bienvenido.php(14): CodeIgniter\Debug\Exceptions->errorHandler(2, 'include_once(include/navBar.php): failed to open stream: No such file or directory', 'APPPATH\\Views\\bienvenido.php', 14, [])
 2 APPPATH\Views\bienvenido.php(14): include_once()
 3 SYSTEMPATH\View\View.php(213): include('APPPATH\\Views\\bienvenido.php')
 4 SYSTEMPATH\View\View.php(216): CodeIgniter\View\View->CodeIgniter\View\{closure}()
 5 SYSTEMPATH\Common.php(1137): CodeIgniter\View\View->render('bienvenido.php', [], true)
 6 APPPATH\Controllers\BienvenidoController.php(10): view('bienvenido.php')
 7 SYSTEMPATH\CodeIgniter.php(904): App\Controllers\BienvenidoController->bienvenido()
 8 SYSTEMPATH\CodeIgniter.php(457): CodeIgniter\CodeIgniter->runController(Object(App\Controllers\BienvenidoController))
 9 SYSTEMPATH\CodeIgniter.php(340): CodeIgniter\CodeIgniter->handleRequest(null, Object(Config\Cache), false)
10 FCPATH\index.php(67): CodeIgniter\CodeIgniter->run()
CRITICAL - 2022-08-26 23:10:02 --> include_once(include/navBar.php): failed to open stream: No such file or directory
in APPPATH\Views\bienvenido.php on line 14.
 1 APPPATH\Views\bienvenido.php(14): CodeIgniter\Debug\Exceptions->errorHandler(2, 'include_once(include/navBar.php): failed to open stream: No such file or directory', 'APPPATH\\Views\\bienvenido.php', 14, [])
 2 APPPATH\Views\bienvenido.php(14): include_once()
 3 SYSTEMPATH\View\View.php(213): include('APPPATH\\Views\\bienvenido.php')
 4 SYSTEMPATH\View\View.php(216): CodeIgniter\View\View->CodeIgniter\View\{closure}()
 5 SYSTEMPATH\Common.php(1137): CodeIgniter\View\View->render('bienvenido.php', [], true)
 6 APPPATH\Controllers\BienvenidoController.php(10): view('bienvenido.php')
 7 SYSTEMPATH\CodeIgniter.php(904): App\Controllers\BienvenidoController->bienvenido()
 8 SYSTEMPATH\CodeIgniter.php(457): CodeIgniter\CodeIgniter->runController(Object(App\Controllers\BienvenidoController))
 9 SYSTEMPATH\CodeIgniter.php(340): CodeIgniter\CodeIgniter->handleRequest(null, Object(Config\Cache), false)
10 FCPATH\index.php(67): CodeIgniter\CodeIgniter->run()
CRITICAL - 2022-08-26 23:10:03 --> include_once(include/navBar.php): failed to open stream: No such file or directory
in APPPATH\Views\bienvenido.php on line 14.
 1 APPPATH\Views\bienvenido.php(14): CodeIgniter\Debug\Exceptions->errorHandler(2, 'include_once(include/navBar.php): failed to open stream: No such file or directory', 'APPPATH\\Views\\bienvenido.php', 14, [])
 2 APPPATH\Views\bienvenido.php(14): include_once()
 3 SYSTEMPATH\View\View.php(213): include('APPPATH\\Views\\bienvenido.php')
 4 SYSTEMPATH\View\View.php(216): CodeIgniter\View\View->CodeIgniter\View\{closure}()
 5 SYSTEMPATH\Common.php(1137): CodeIgniter\View\View->render('bienvenido.php', [], true)
 6 APPPATH\Controllers\BienvenidoController.php(10): view('bienvenido.php')
 7 SYSTEMPATH\CodeIgniter.php(904): App\Controllers\BienvenidoController->bienvenido()
 8 SYSTEMPATH\CodeIgniter.php(457): CodeIgniter\CodeIgniter->runController(Object(App\Controllers\BienvenidoController))
 9 SYSTEMPATH\CodeIgniter.php(340): CodeIgniter\CodeIgniter->handleRequest(null, Object(Config\Cache), false)
10 FCPATH\index.php(67): CodeIgniter\CodeIgniter->run()
CRITICAL - 2022-08-26 23:10:03 --> include_once(include/navBar.php): failed to open stream: No such file or directory
in APPPATH\Views\bienvenido.php on line 14.
 1 APPPATH\Views\bienvenido.php(14): CodeIgniter\Debug\Exceptions->errorHandler(2, 'include_once(include/navBar.php): failed to open stream: No such file or directory', 'APPPATH\\Views\\bienvenido.php', 14, [])
 2 APPPATH\Views\bienvenido.php(14): include_once()
 3 SYSTEMPATH\View\View.php(213): include('APPPATH\\Views\\bienvenido.php')
 4 SYSTEMPATH\View\View.php(216): CodeIgniter\View\View->CodeIgniter\View\{closure}()
 5 SYSTEMPATH\Common.php(1137): CodeIgniter\View\View->render('bienvenido.php', [], true)
 6 APPPATH\Controllers\BienvenidoController.php(10): view('bienvenido.php')
 7 SYSTEMPATH\CodeIgniter.php(904): App\Controllers\BienvenidoController->bienvenido()
 8 SYSTEMPATH\CodeIgniter.php(457): CodeIgniter\CodeIgniter->runController(Object(App\Controllers\BienvenidoController))
 9 SYSTEMPATH\CodeIgniter.php(340): CodeIgniter\CodeIgniter->handleRequest(null, Object(Config\Cache), false)
10 FCPATH\index.php(67): CodeIgniter\CodeIgniter->run()
CRITICAL - 2022-08-26 23:10:04 --> include_once(include/navBar.php): failed to open stream: No such file or directory
in APPPATH\Views\bienvenido.php on line 14.
 1 APPPATH\Views\bienvenido.php(14): CodeIgniter\Debug\Exceptions->errorHandler(2, 'include_once(include/navBar.php): failed to open stream: No such file or directory', 'APPPATH\\Views\\bienvenido.php', 14, [])
 2 APPPATH\Views\bienvenido.php(14): include_once()
 3 SYSTEMPATH\View\View.php(213): include('APPPATH\\Views\\bienvenido.php')
 4 SYSTEMPATH\View\View.php(216): CodeIgniter\View\View->CodeIgniter\View\{closure}()
 5 SYSTEMPATH\Common.php(1137): CodeIgniter\View\View->render('bienvenido.php', [], true)
 6 APPPATH\Controllers\BienvenidoController.php(10): view('bienvenido.php')
 7 SYSTEMPATH\CodeIgniter.php(904): App\Controllers\BienvenidoController->bienvenido()
 8 SYSTEMPATH\CodeIgniter.php(457): CodeIgniter\CodeIgniter->runController(Object(App\Controllers\BienvenidoController))
 9 SYSTEMPATH\CodeIgniter.php(340): CodeIgniter\CodeIgniter->handleRequest(null, Object(Config\Cache), false)
10 FCPATH\index.php(67): CodeIgniter\CodeIgniter->run()
CRITICAL - 2022-08-26 23:10:04 --> include_once(include/navBar.php): failed to open stream: No such file or directory
in APPPATH\Views\bienvenido.php on line 14.
 1 APPPATH\Views\bienvenido.php(14): CodeIgniter\Debug\Exceptions->errorHandler(2, 'include_once(include/navBar.php): failed to open stream: No such file or directory', 'APPPATH\\Views\\bienvenido.php', 14, [])
 2 APPPATH\Views\bienvenido.php(14): include_once()
 3 SYSTEMPATH\View\View.php(213): include('APPPATH\\Views\\bienvenido.php')
 4 SYSTEMPATH\View\View.php(216): CodeIgniter\View\View->CodeIgniter\View\{closure}()
 5 SYSTEMPATH\Common.php(1137): CodeIgniter\View\View->render('bienvenido.php', [], true)
 6 APPPATH\Controllers\BienvenidoController.php(10): view('bienvenido.php')
 7 SYSTEMPATH\CodeIgniter.php(904): App\Controllers\BienvenidoController->bienvenido()
 8 SYSTEMPATH\CodeIgniter.php(457): CodeIgniter\CodeIgniter->runController(Object(App\Controllers\BienvenidoController))
 9 SYSTEMPATH\CodeIgniter.php(340): CodeIgniter\CodeIgniter->handleRequest(null, Object(Config\Cache), false)
10 FCPATH\index.php(67): CodeIgniter\CodeIgniter->run()
CRITICAL - 2022-08-26 23:10:04 --> include_once(include/navBar.php): failed to open stream: No such file or directory
in APPPATH\Views\bienvenido.php on line 14.
 1 APPPATH\Views\bienvenido.php(14): CodeIgniter\Debug\Exceptions->errorHandler(2, 'include_once(include/navBar.php): failed to open stream: No such file or directory', 'APPPATH\\Views\\bienvenido.php', 14, [])
 2 APPPATH\Views\bienvenido.php(14): include_once()
 3 SYSTEMPATH\View\View.php(213): include('APPPATH\\Views\\bienvenido.php')
 4 SYSTEMPATH\View\View.php(216): CodeIgniter\View\View->CodeIgniter\View\{closure}()
 5 SYSTEMPATH\Common.php(1137): CodeIgniter\View\View->render('bienvenido.php', [], true)
 6 APPPATH\Controllers\BienvenidoController.php(10): view('bienvenido.php')
 7 SYSTEMPATH\CodeIgniter.php(904): App\Controllers\BienvenidoController->bienvenido()
 8 SYSTEMPATH\CodeIgniter.php(457): CodeIgniter\CodeIgniter->runController(Object(App\Controllers\BienvenidoController))
 9 SYSTEMPATH\CodeIgniter.php(340): CodeIgniter\CodeIgniter->handleRequest(null, Object(Config\Cache), false)
10 FCPATH\index.php(67): CodeIgniter\CodeIgniter->run()
CRITICAL - 2022-08-26 23:10:37 --> include_once(include/navBar.php): failed to open stream: No such file or directory
in APPPATH\Views\bienvenido.php on line 14.
 1 APPPATH\Views\bienvenido.php(14): CodeIgniter\Debug\Exceptions->errorHandler(2, 'include_once(include/navBar.php): failed to open stream: No such file or directory', 'APPPATH\\Views\\bienvenido.php', 14, [])
 2 APPPATH\Views\bienvenido.php(14): include_once()
 3 SYSTEMPATH\View\View.php(213): include('APPPATH\\Views\\bienvenido.php')
 4 SYSTEMPATH\View\View.php(216): CodeIgniter\View\View->CodeIgniter\View\{closure}()
 5 SYSTEMPATH\Common.php(1137): CodeIgniter\View\View->render('bienvenido.php', [], true)
 6 APPPATH\Controllers\BienvenidoController.php(10): view('bienvenido.php')
 7 SYSTEMPATH\CodeIgniter.php(904): App\Controllers\BienvenidoController->bienvenido()
 8 SYSTEMPATH\CodeIgniter.php(457): CodeIgniter\CodeIgniter->runController(Object(App\Controllers\BienvenidoController))
 9 SYSTEMPATH\CodeIgniter.php(340): CodeIgniter\CodeIgniter->handleRequest(null, Object(Config\Cache), false)
10 FCPATH\index.php(67): CodeIgniter\CodeIgniter->run()
CRITICAL - 2022-08-26 23:10:37 --> include_once(include/navBar.php): failed to open stream: No such file or directory
in APPPATH\Views\bienvenido.php on line 14.
 1 APPPATH\Views\bienvenido.php(14): CodeIgniter\Debug\Exceptions->errorHandler(2, 'include_once(include/navBar.php): failed to open stream: No such file or directory', 'APPPATH\\Views\\bienvenido.php', 14, [])
 2 APPPATH\Views\bienvenido.php(14): include_once()
 3 SYSTEMPATH\View\View.php(213): include('APPPATH\\Views\\bienvenido.php')
 4 SYSTEMPATH\View\View.php(216): CodeIgniter\View\View->CodeIgniter\View\{closure}()
 5 SYSTEMPATH\Common.php(1137): CodeIgniter\View\View->render('bienvenido.php', [], true)
 6 APPPATH\Controllers\BienvenidoController.php(10): view('bienvenido.php')
 7 SYSTEMPATH\CodeIgniter.php(904): App\Controllers\BienvenidoController->bienvenido()
 8 SYSTEMPATH\CodeIgniter.php(457): CodeIgniter\CodeIgniter->runController(Object(App\Controllers\BienvenidoController))
 9 SYSTEMPATH\CodeIgniter.php(340): CodeIgniter\CodeIgniter->handleRequest(null, Object(Config\Cache), false)
10 FCPATH\index.php(67): CodeIgniter\CodeIgniter->run()
CRITICAL - 2022-08-26 23:10:37 --> include_once(include/navBar.php): failed to open stream: No such file or directory
in APPPATH\Views\bienvenido.php on line 14.
 1 APPPATH\Views\bienvenido.php(14): CodeIgniter\Debug\Exceptions->errorHandler(2, 'include_once(include/navBar.php): failed to open stream: No such file or directory', 'APPPATH\\Views\\bienvenido.php', 14, [])
 2 APPPATH\Views\bienvenido.php(14): include_once()
 3 SYSTEMPATH\View\View.php(213): include('APPPATH\\Views\\bienvenido.php')
 4 SYSTEMPATH\View\View.php(216): CodeIgniter\View\View->CodeIgniter\View\{closure}()
 5 SYSTEMPATH\Common.php(1137): CodeIgniter\View\View->render('bienvenido.php', [], true)
 6 APPPATH\Controllers\BienvenidoController.php(10): view('bienvenido.php')
 7 SYSTEMPATH\CodeIgniter.php(904): App\Controllers\BienvenidoController->bienvenido()
 8 SYSTEMPATH\CodeIgniter.php(457): CodeIgniter\CodeIgniter->runController(Object(App\Controllers\BienvenidoController))
 9 SYSTEMPATH\CodeIgniter.php(340): CodeIgniter\CodeIgniter->handleRequest(null, Object(Config\Cache), false)
10 FCPATH\index.php(67): CodeIgniter\CodeIgniter->run()
CRITICAL - 2022-08-26 23:10:38 --> include_once(include/navBar.php): failed to open stream: No such file or directory
in APPPATH\Views\bienvenido.php on line 14.
 1 APPPATH\Views\bienvenido.php(14): CodeIgniter\Debug\Exceptions->errorHandler(2, 'include_once(include/navBar.php): failed to open stream: No such file or directory', 'APPPATH\\Views\\bienvenido.php', 14, [])
 2 APPPATH\Views\bienvenido.php(14): include_once()
 3 SYSTEMPATH\View\View.php(213): include('APPPATH\\Views\\bienvenido.php')
 4 SYSTEMPATH\View\View.php(216): CodeIgniter\View\View->CodeIgniter\View\{closure}()
 5 SYSTEMPATH\Common.php(1137): CodeIgniter\View\View->render('bienvenido.php', [], true)
 6 APPPATH\Controllers\BienvenidoController.php(10): view('bienvenido.php')
 7 SYSTEMPATH\CodeIgniter.php(904): App\Controllers\BienvenidoController->bienvenido()
 8 SYSTEMPATH\CodeIgniter.php(457): CodeIgniter\CodeIgniter->runController(Object(App\Controllers\BienvenidoController))
 9 SYSTEMPATH\CodeIgniter.php(340): CodeIgniter\CodeIgniter->handleRequest(null, Object(Config\Cache), false)
10 FCPATH\index.php(67): CodeIgniter\CodeIgniter->run()
CRITICAL - 2022-08-26 23:10:50 --> include_once(include/navBar.php): failed to open stream: No such file or directory
in APPPATH\Views\bienvenido.php on line 14.
 1 APPPATH\Views\bienvenido.php(14): CodeIgniter\Debug\Exceptions->errorHandler(2, 'include_once(include/navBar.php): failed to open stream: No such file or directory', 'APPPATH\\Views\\bienvenido.php', 14, [])
 2 APPPATH\Views\bienvenido.php(14): include_once()
 3 SYSTEMPATH\View\View.php(213): include('APPPATH\\Views\\bienvenido.php')
 4 SYSTEMPATH\View\View.php(216): CodeIgniter\View\View->CodeIgniter\View\{closure}()
 5 SYSTEMPATH\Common.php(1137): CodeIgniter\View\View->render('bienvenido.php', [], true)
 6 APPPATH\Controllers\BienvenidoController.php(10): view('bienvenido.php')
 7 SYSTEMPATH\CodeIgniter.php(904): App\Controllers\BienvenidoController->bienvenido()
 8 SYSTEMPATH\CodeIgniter.php(457): CodeIgniter\CodeIgniter->runController(Object(App\Controllers\BienvenidoController))
 9 SYSTEMPATH\CodeIgniter.php(340): CodeIgniter\CodeIgniter->handleRequest(null, Object(Config\Cache), false)
10 FCPATH\index.php(67): CodeIgniter\CodeIgniter->run()
CRITICAL - 2022-08-26 23:10:53 --> include_once(include/navBar.php): failed to open stream: No such file or directory
in APPPATH\Views\bienvenido.php on line 14.
 1 APPPATH\Views\bienvenido.php(14): CodeIgniter\Debug\Exceptions->errorHandler(2, 'include_once(include/navBar.php): failed to open stream: No such file or directory', 'APPPATH\\Views\\bienvenido.php', 14, [])
 2 APPPATH\Views\bienvenido.php(14): include_once()
 3 SYSTEMPATH\View\View.php(213): include('APPPATH\\Views\\bienvenido.php')
 4 SYSTEMPATH\View\View.php(216): CodeIgniter\View\View->CodeIgniter\View\{closure}()
 5 SYSTEMPATH\Common.php(1137): CodeIgniter\View\View->render('bienvenido.php', [], true)
 6 APPPATH\Controllers\BienvenidoController.php(10): view('bienvenido.php')
 7 SYSTEMPATH\CodeIgniter.php(904): App\Controllers\BienvenidoController->bienvenido()
 8 SYSTEMPATH\CodeIgniter.php(457): CodeIgniter\CodeIgniter->runController(Object(App\Controllers\BienvenidoController))
 9 SYSTEMPATH\CodeIgniter.php(340): CodeIgniter\CodeIgniter->handleRequest(null, Object(Config\Cache), false)
10 FCPATH\index.php(67): CodeIgniter\CodeIgniter->run()
CRITICAL - 2022-08-26 23:11:15 --> include_once(include/navBar.php): failed to open stream: No such file or directory
in APPPATH\Views\bienvenido.php on line 14.
 1 APPPATH\Views\bienvenido.php(14): CodeIgniter\Debug\Exceptions->errorHandler(2, 'include_once(include/navBar.php): failed to open stream: No such file or directory', 'APPPATH\\Views\\bienvenido.php', 14, [])
 2 APPPATH\Views\bienvenido.php(14): include_once()
 3 SYSTEMPATH\View\View.php(213): include('APPPATH\\Views\\bienvenido.php')
 4 SYSTEMPATH\View\View.php(216): CodeIgniter\View\View->CodeIgniter\View\{closure}()
 5 SYSTEMPATH\Common.php(1137): CodeIgniter\View\View->render('bienvenido.php', [], true)
 6 APPPATH\Controllers\BienvenidoController.php(10): view('bienvenido.php')
 7 SYSTEMPATH\CodeIgniter.php(904): App\Controllers\BienvenidoController->bienvenido()
 8 SYSTEMPATH\CodeIgniter.php(457): CodeIgniter\CodeIgniter->runController(Object(App\Controllers\BienvenidoController))
 9 SYSTEMPATH\CodeIgniter.php(340): CodeIgniter\CodeIgniter->handleRequest(null, Object(Config\Cache), false)
10 FCPATH\index.php(67): CodeIgniter\CodeIgniter->run()
CRITICAL - 2022-08-26 23:11:15 --> include_once(include/navBar.php): failed to open stream: No such file or directory
in APPPATH\Views\bienvenido.php on line 14.
 1 APPPATH\Views\bienvenido.php(14): CodeIgniter\Debug\Exceptions->errorHandler(2, 'include_once(include/navBar.php): failed to open stream: No such file or directory', 'APPPATH\\Views\\bienvenido.php', 14, [])
 2 APPPATH\Views\bienvenido.php(14): include_once()
 3 SYSTEMPATH\View\View.php(213): include('APPPATH\\Views\\bienvenido.php')
 4 SYSTEMPATH\View\View.php(216): CodeIgniter\View\View->CodeIgniter\View\{closure}()
 5 SYSTEMPATH\Common.php(1137): CodeIgniter\View\View->render('bienvenido.php', [], true)
 6 APPPATH\Controllers\BienvenidoController.php(10): view('bienvenido.php')
 7 SYSTEMPATH\CodeIgniter.php(904): App\Controllers\BienvenidoController->bienvenido()
 8 SYSTEMPATH\CodeIgniter.php(457): CodeIgniter\CodeIgniter->runController(Object(App\Controllers\BienvenidoController))
 9 SYSTEMPATH\CodeIgniter.php(340): CodeIgniter\CodeIgniter->handleRequest(null, Object(Config\Cache), false)
10 FCPATH\index.php(67): CodeIgniter\CodeIgniter->run()
CRITICAL - 2022-08-26 23:11:15 --> include_once(include/navBar.php): failed to open stream: No such file or directory
in APPPATH\Views\bienvenido.php on line 14.
 1 APPPATH\Views\bienvenido.php(14): CodeIgniter\Debug\Exceptions->errorHandler(2, 'include_once(include/navBar.php): failed to open stream: No such file or directory', 'APPPATH\\Views\\bienvenido.php', 14, [])
 2 APPPATH\Views\bienvenido.php(14): include_once()
 3 SYSTEMPATH\View\View.php(213): include('APPPATH\\Views\\bienvenido.php')
 4 SYSTEMPATH\View\View.php(216): CodeIgniter\View\View->CodeIgniter\View\{closure}()
 5 SYSTEMPATH\Common.php(1137): CodeIgniter\View\View->render('bienvenido.php', [], true)
 6 APPPATH\Controllers\BienvenidoController.php(10): view('bienvenido.php')
 7 SYSTEMPATH\CodeIgniter.php(904): App\Controllers\BienvenidoController->bienvenido()
 8 SYSTEMPATH\CodeIgniter.php(457): CodeIgniter\CodeIgniter->runController(Object(App\Controllers\BienvenidoController))
 9 SYSTEMPATH\CodeIgniter.php(340): CodeIgniter\CodeIgniter->handleRequest(null, Object(Config\Cache), false)
10 FCPATH\index.php(67): CodeIgniter\CodeIgniter->run()
CRITICAL - 2022-08-26 23:12:53 --> include_once(include/navBar.php): failed to open stream: No such file or directory
in APPPATH\Views\bienvenido.php on line 14.
 1 APPPATH\Views\bienvenido.php(14): CodeIgniter\Debug\Exceptions->errorHandler(2, 'include_once(include/navBar.php): failed to open stream: No such file or directory', 'APPPATH\\Views\\bienvenido.php', 14, [])
 2 APPPATH\Views\bienvenido.php(14): include_once()
 3 SYSTEMPATH\View\View.php(213): include('APPPATH\\Views\\bienvenido.php')
 4 SYSTEMPATH\View\View.php(216): CodeIgniter\View\View->CodeIgniter\View\{closure}()
 5 SYSTEMPATH\Common.php(1137): CodeIgniter\View\View->render('bienvenido.php', [], true)
 6 APPPATH\Controllers\BienvenidoController.php(10): view('bienvenido.php')
 7 SYSTEMPATH\CodeIgniter.php(904): App\Controllers\BienvenidoController->bienvenido()
 8 SYSTEMPATH\CodeIgniter.php(457): CodeIgniter\CodeIgniter->runController(Object(App\Controllers\BienvenidoController))
 9 SYSTEMPATH\CodeIgniter.php(340): CodeIgniter\CodeIgniter->handleRequest(null, Object(Config\Cache), false)
10 FCPATH\index.php(67): CodeIgniter\CodeIgniter->run()
CRITICAL - 2022-08-26 23:12:53 --> include_once(include/navBar.php): failed to open stream: No such file or directory
in APPPATH\Views\bienvenido.php on line 14.
 1 APPPATH\Views\bienvenido.php(14): CodeIgniter\Debug\Exceptions->errorHandler(2, 'include_once(include/navBar.php): failed to open stream: No such file or directory', 'APPPATH\\Views\\bienvenido.php', 14, [])
 2 APPPATH\Views\bienvenido.php(14): include_once()
 3 SYSTEMPATH\View\View.php(213): include('APPPATH\\Views\\bienvenido.php')
 4 SYSTEMPATH\View\View.php(216): CodeIgniter\View\View->CodeIgniter\View\{closure}()
 5 SYSTEMPATH\Common.php(1137): CodeIgniter\View\View->render('bienvenido.php', [], true)
 6 APPPATH\Controllers\BienvenidoController.php(10): view('bienvenido.php')
 7 SYSTEMPATH\CodeIgniter.php(904): App\Controllers\BienvenidoController->bienvenido()
 8 SYSTEMPATH\CodeIgniter.php(457): CodeIgniter\CodeIgniter->runController(Object(App\Controllers\BienvenidoController))
 9 SYSTEMPATH\CodeIgniter.php(340): CodeIgniter\CodeIgniter->handleRequest(null, Object(Config\Cache), false)
10 FCPATH\index.php(67): CodeIgniter\CodeIgniter->run()
CRITICAL - 2022-08-26 23:12:54 --> include_once(include/navBar.php): failed to open stream: No such file or directory
in APPPATH\Views\bienvenido.php on line 14.
 1 APPPATH\Views\bienvenido.php(14): CodeIgniter\Debug\Exceptions->errorHandler(2, 'include_once(include/navBar.php): failed to open stream: No such file or directory', 'APPPATH\\Views\\bienvenido.php', 14, [])
 2 APPPATH\Views\bienvenido.php(14): include_once()
 3 SYSTEMPATH\View\View.php(213): include('APPPATH\\Views\\bienvenido.php')
 4 SYSTEMPATH\View\View.php(216): CodeIgniter\View\View->CodeIgniter\View\{closure}()
 5 SYSTEMPATH\Common.php(1137): CodeIgniter\View\View->render('bienvenido.php', [], true)
 6 APPPATH\Controllers\BienvenidoController.php(10): view('bienvenido.php')
 7 SYSTEMPATH\CodeIgniter.php(904): App\Controllers\BienvenidoController->bienvenido()
 8 SYSTEMPATH\CodeIgniter.php(457): CodeIgniter\CodeIgniter->runController(Object(App\Controllers\BienvenidoController))
 9 SYSTEMPATH\CodeIgniter.php(340): CodeIgniter\CodeIgniter->handleRequest(null, Object(Config\Cache), false)
10 FCPATH\index.php(67): CodeIgniter\CodeIgniter->run()
CRITICAL - 2022-08-26 23:12:54 --> include_once(include/navBar.php): failed to open stream: No such file or directory
in APPPATH\Views\bienvenido.php on line 14.
 1 APPPATH\Views\bienvenido.php(14): CodeIgniter\Debug\Exceptions->errorHandler(2, 'include_once(include/navBar.php): failed to open stream: No such file or directory', 'APPPATH\\Views\\bienvenido.php', 14, [])
 2 APPPATH\Views\bienvenido.php(14): include_once()
 3 SYSTEMPATH\View\View.php(213): include('APPPATH\\Views\\bienvenido.php')
 4 SYSTEMPATH\View\View.php(216): CodeIgniter\View\View->CodeIgniter\View\{closure}()
 5 SYSTEMPATH\Common.php(1137): CodeIgniter\View\View->render('bienvenido.php', [], true)
 6 APPPATH\Controllers\BienvenidoController.php(10): view('bienvenido.php')
 7 SYSTEMPATH\CodeIgniter.php(904): App\Controllers\BienvenidoController->bienvenido()
 8 SYSTEMPATH\CodeIgniter.php(457): CodeIgniter\CodeIgniter->runController(Object(App\Controllers\BienvenidoController))
 9 SYSTEMPATH\CodeIgniter.php(340): CodeIgniter\CodeIgniter->handleRequest(null, Object(Config\Cache), false)
10 FCPATH\index.php(67): CodeIgniter\CodeIgniter->run()
CRITICAL - 2022-08-26 23:12:54 --> include_once(include/navBar.php): failed to open stream: No such file or directory
in APPPATH\Views\bienvenido.php on line 14.
 1 APPPATH\Views\bienvenido.php(14): CodeIgniter\Debug\Exceptions->errorHandler(2, 'include_once(include/navBar.php): failed to open stream: No such file or directory', 'APPPATH\\Views\\bienvenido.php', 14, [])
 2 APPPATH\Views\bienvenido.php(14): include_once()
 3 SYSTEMPATH\View\View.php(213): include('APPPATH\\Views\\bienvenido.php')
 4 SYSTEMPATH\View\View.php(216): CodeIgniter\View\View->CodeIgniter\View\{closure}()
 5 SYSTEMPATH\Common.php(1137): CodeIgniter\View\View->render('bienvenido.php', [], true)
 6 APPPATH\Controllers\BienvenidoController.php(10): view('bienvenido.php')
 7 SYSTEMPATH\CodeIgniter.php(904): App\Controllers\BienvenidoController->bienvenido()
 8 SYSTEMPATH\CodeIgniter.php(457): CodeIgniter\CodeIgniter->runController(Object(App\Controllers\BienvenidoController))
 9 SYSTEMPATH\CodeIgniter.php(340): CodeIgniter\CodeIgniter->handleRequest(null, Object(Config\Cache), false)
10 FCPATH\index.php(67): CodeIgniter\CodeIgniter->run()
CRITICAL - 2022-08-26 23:12:58 --> include_once(include/navBar.php): failed to open stream: No such file or directory
in APPPATH\Views\bienvenido.php on line 14.
 1 APPPATH\Views\bienvenido.php(14): CodeIgniter\Debug\Exceptions->errorHandler(2, 'include_once(include/navBar.php): failed to open stream: No such file or directory', 'APPPATH\\Views\\bienvenido.php', 14, [])
 2 APPPATH\Views\bienvenido.php(14): include_once()
 3 SYSTEMPATH\View\View.php(213): include('APPPATH\\Views\\bienvenido.php')
 4 SYSTEMPATH\View\View.php(216): CodeIgniter\View\View->CodeIgniter\View\{closure}()
 5 SYSTEMPATH\Common.php(1137): CodeIgniter\View\View->render('bienvenido.php', [], true)
 6 APPPATH\Controllers\BienvenidoController.php(10): view('bienvenido.php')
 7 SYSTEMPATH\CodeIgniter.php(904): App\Controllers\BienvenidoController->bienvenido()
 8 SYSTEMPATH\CodeIgniter.php(457): CodeIgniter\CodeIgniter->runController(Object(App\Controllers\BienvenidoController))
 9 SYSTEMPATH\CodeIgniter.php(340): CodeIgniter\CodeIgniter->handleRequest(null, Object(Config\Cache), false)
10 FCPATH\index.php(67): CodeIgniter\CodeIgniter->run()
CRITICAL - 2022-08-26 23:12:58 --> include_once(include/navBar.php): failed to open stream: No such file or directory
in APPPATH\Views\bienvenido.php on line 14.
 1 APPPATH\Views\bienvenido.php(14): CodeIgniter\Debug\Exceptions->errorHandler(2, 'include_once(include/navBar.php): failed to open stream: No such file or directory', 'APPPATH\\Views\\bienvenido.php', 14, [])
 2 APPPATH\Views\bienvenido.php(14): include_once()
 3 SYSTEMPATH\View\View.php(213): include('APPPATH\\Views\\bienvenido.php')
 4 SYSTEMPATH\View\View.php(216): CodeIgniter\View\View->CodeIgniter\View\{closure}()
 5 SYSTEMPATH\Common.php(1137): CodeIgniter\View\View->render('bienvenido.php', [], true)
 6 APPPATH\Controllers\BienvenidoController.php(10): view('bienvenido.php')
 7 SYSTEMPATH\CodeIgniter.php(904): App\Controllers\BienvenidoController->bienvenido()
 8 SYSTEMPATH\CodeIgniter.php(457): CodeIgniter\CodeIgniter->runController(Object(App\Controllers\BienvenidoController))
 9 SYSTEMPATH\CodeIgniter.php(340): CodeIgniter\CodeIgniter->handleRequest(null, Object(Config\Cache), false)
10 FCPATH\index.php(67): CodeIgniter\CodeIgniter->run()
CRITICAL - 2022-08-26 23:12:58 --> include_once(include/navBar.php): failed to open stream: No such file or directory
in APPPATH\Views\bienvenido.php on line 14.
 1 APPPATH\Views\bienvenido.php(14): CodeIgniter\Debug\Exceptions->errorHandler(2, 'include_once(include/navBar.php): failed to open stream: No such file or directory', 'APPPATH\\Views\\bienvenido.php', 14, [])
 2 APPPATH\Views\bienvenido.php(14): include_once()
 3 SYSTEMPATH\View\View.php(213): include('APPPATH\\Views\\bienvenido.php')
 4 SYSTEMPATH\View\View.php(216): CodeIgniter\View\View->CodeIgniter\View\{closure}()
 5 SYSTEMPATH\Common.php(1137): CodeIgniter\View\View->render('bienvenido.php', [], true)
 6 APPPATH\Controllers\BienvenidoController.php(10): view('bienvenido.php')
 7 SYSTEMPATH\CodeIgniter.php(904): App\Controllers\BienvenidoController->bienvenido()
 8 SYSTEMPATH\CodeIgniter.php(457): CodeIgniter\CodeIgniter->runController(Object(App\Controllers\BienvenidoController))
 9 SYSTEMPATH\CodeIgniter.php(340): CodeIgniter\CodeIgniter->handleRequest(null, Object(Config\Cache), false)
10 FCPATH\index.php(67): CodeIgniter\CodeIgniter->run()
CRITICAL - 2022-08-26 23:14:22 --> include_once(include/navBar.php): failed to open stream: No such file or directory
in APPPATH\Views\bienvenido.php on line 14.
 1 APPPATH\Views\bienvenido.php(14): CodeIgniter\Debug\Exceptions->errorHandler(2, 'include_once(include/navBar.php): failed to open stream: No such file or directory', 'APPPATH\\Views\\bienvenido.php', 14, [])
 2 APPPATH\Views\bienvenido.php(14): include_once()
 3 SYSTEMPATH\View\View.php(213): include('APPPATH\\Views\\bienvenido.php')
 4 SYSTEMPATH\View\View.php(216): CodeIgniter\View\View->CodeIgniter\View\{closure}()
 5 SYSTEMPATH\Common.php(1137): CodeIgniter\View\View->render('bienvenido.php', [], true)
 6 APPPATH\Controllers\BienvenidoController.php(10): view('bienvenido.php')
 7 SYSTEMPATH\CodeIgniter.php(904): App\Controllers\BienvenidoController->bienvenido()
 8 SYSTEMPATH\CodeIgniter.php(457): CodeIgniter\CodeIgniter->runController(Object(App\Controllers\BienvenidoController))
 9 SYSTEMPATH\CodeIgniter.php(340): CodeIgniter\CodeIgniter->handleRequest(null, Object(Config\Cache), false)
10 FCPATH\index.php(67): CodeIgniter\CodeIgniter->run()
CRITICAL - 2022-08-26 23:14:22 --> include_once(include/navBar.php): failed to open stream: No such file or directory
in APPPATH\Views\bienvenido.php on line 14.
 1 APPPATH\Views\bienvenido.php(14): CodeIgniter\Debug\Exceptions->errorHandler(2, 'include_once(include/navBar.php): failed to open stream: No such file or directory', 'APPPATH\\Views\\bienvenido.php', 14, [])
 2 APPPATH\Views\bienvenido.php(14): include_once()
 3 SYSTEMPATH\View\View.php(213): include('APPPATH\\Views\\bienvenido.php')
 4 SYSTEMPATH\View\View.php(216): CodeIgniter\View\View->CodeIgniter\View\{closure}()
 5 SYSTEMPATH\Common.php(1137): CodeIgniter\View\View->render('bienvenido.php', [], true)
 6 APPPATH\Controllers\BienvenidoController.php(10): view('bienvenido.php')
 7 SYSTEMPATH\CodeIgniter.php(904): App\Controllers\BienvenidoController->bienvenido()
 8 SYSTEMPATH\CodeIgniter.php(457): CodeIgniter\CodeIgniter->runController(Object(App\Controllers\BienvenidoController))
 9 SYSTEMPATH\CodeIgniter.php(340): CodeIgniter\CodeIgniter->handleRequest(null, Object(Config\Cache), false)
10 FCPATH\index.php(67): CodeIgniter\CodeIgniter->run()
CRITICAL - 2022-08-26 23:14:23 --> include_once(include/navBar.php): failed to open stream: No such file or directory
in APPPATH\Views\bienvenido.php on line 14.
 1 APPPATH\Views\bienvenido.php(14): CodeIgniter\Debug\Exceptions->errorHandler(2, 'include_once(include/navBar.php): failed to open stream: No such file or directory', 'APPPATH\\Views\\bienvenido.php', 14, [])
 2 APPPATH\Views\bienvenido.php(14): include_once()
 3 SYSTEMPATH\View\View.php(213): include('APPPATH\\Views\\bienvenido.php')
 4 SYSTEMPATH\View\View.php(216): CodeIgniter\View\View->CodeIgniter\View\{closure}()
 5 SYSTEMPATH\Common.php(1137): CodeIgniter\View\View->render('bienvenido.php', [], true)
 6 APPPATH\Controllers\BienvenidoController.php(10): view('bienvenido.php')
 7 SYSTEMPATH\CodeIgniter.php(904): App\Controllers\BienvenidoController->bienvenido()
 8 SYSTEMPATH\CodeIgniter.php(457): CodeIgniter\CodeIgniter->runController(Object(App\Controllers\BienvenidoController))
 9 SYSTEMPATH\CodeIgniter.php(340): CodeIgniter\CodeIgniter->handleRequest(null, Object(Config\Cache), false)
10 FCPATH\index.php(67): CodeIgniter\CodeIgniter->run()
CRITICAL - 2022-08-26 23:14:32 --> include_once(include/navBar.php): failed to open stream: No such file or directory
in APPPATH\Views\bienvenido.php on line 14.
 1 APPPATH\Views\bienvenido.php(14): CodeIgniter\Debug\Exceptions->errorHandler(2, 'include_once(include/navBar.php): failed to open stream: No such file or directory', 'APPPATH\\Views\\bienvenido.php', 14, [])
 2 APPPATH\Views\bienvenido.php(14): include_once()
 3 SYSTEMPATH\View\View.php(213): include('APPPATH\\Views\\bienvenido.php')
 4 SYSTEMPATH\View\View.php(216): CodeIgniter\View\View->CodeIgniter\View\{closure}()
 5 SYSTEMPATH\Common.php(1137): CodeIgniter\View\View->render('bienvenido.php', [], true)
 6 APPPATH\Controllers\BienvenidoController.php(10): view('bienvenido.php')
 7 SYSTEMPATH\CodeIgniter.php(904): App\Controllers\BienvenidoController->bienvenido()
 8 SYSTEMPATH\CodeIgniter.php(457): CodeIgniter\CodeIgniter->runController(Object(App\Controllers\BienvenidoController))
 9 SYSTEMPATH\CodeIgniter.php(340): CodeIgniter\CodeIgniter->handleRequest(null, Object(Config\Cache), false)
10 FCPATH\index.php(67): CodeIgniter\CodeIgniter->run()
CRITICAL - 2022-08-26 23:14:33 --> include_once(include/navBar.php): failed to open stream: No such file or directory
in APPPATH\Views\bienvenido.php on line 14.
 1 APPPATH\Views\bienvenido.php(14): CodeIgniter\Debug\Exceptions->errorHandler(2, 'include_once(include/navBar.php): failed to open stream: No such file or directory', 'APPPATH\\Views\\bienvenido.php', 14, [])
 2 APPPATH\Views\bienvenido.php(14): include_once()
 3 SYSTEMPATH\View\View.php(213): include('APPPATH\\Views\\bienvenido.php')
 4 SYSTEMPATH\View\View.php(216): CodeIgniter\View\View->CodeIgniter\View\{closure}()
 5 SYSTEMPATH\Common.php(1137): CodeIgniter\View\View->render('bienvenido.php', [], true)
 6 APPPATH\Controllers\BienvenidoController.php(10): view('bienvenido.php')
 7 SYSTEMPATH\CodeIgniter.php(904): App\Controllers\BienvenidoController->bienvenido()
 8 SYSTEMPATH\CodeIgniter.php(457): CodeIgniter\CodeIgniter->runController(Object(App\Controllers\BienvenidoController))
 9 SYSTEMPATH\CodeIgniter.php(340): CodeIgniter\CodeIgniter->handleRequest(null, Object(Config\Cache), false)
10 FCPATH\index.php(67): CodeIgniter\CodeIgniter->run()
