CRITICAL - 2022-08-25 18:41:28 --> The framework needs the following extension(s) installed and loaded: intl.
in SYSTEMPATH\CodeIgniter.php on line 219.
 1 SYSTEMPATH\CodeIgniter.php(219): CodeIgniter\Exceptions\FrameworkException::forMissingExtension('intl')
 2 SYSTEMPATH\CodeIgniter.php(177): CodeIgniter\CodeIgniter->resolvePlatformExtensions()
 3 FCPATH\index.php(55): CodeIgniter\CodeIgniter->initialize()
CRITICAL - 2022-08-25 18:41:50 --> The framework needs the following extension(s) installed and loaded: intl.
in SYSTEMPATH\CodeIgniter.php on line 219.
 1 SYSTEMPATH\CodeIgniter.php(219): CodeIgniter\Exceptions\FrameworkException::forMissingExtension('intl')
 2 SYSTEMPATH\CodeIgniter.php(177): CodeIgniter\CodeIgniter->resolvePlatformExtensions()
 3 FCPATH\index.php(55): CodeIgniter\CodeIgniter->initialize()
CRITICAL - 2022-08-25 15:32:12 --> Invalid file: medic_registro.php
in SYSTEMPATH\Exceptions\FrameworkException.php on line 33.
 1 SYSTEMPATH\View\View.php(201): CodeIgniter\Exceptions\FrameworkException::forInvalidFile('medic_registro.php')
 2 SYSTEMPATH\Common.php(1137): CodeIgniter\View\View->render('medic_registro.php', [], true)
 3 APPPATH\Controllers\MedicController.php(9): view('medic_registro.php')
 4 SYSTEMPATH\CodeIgniter.php(904): App\Controllers\MedicController->nuevo()
 5 SYSTEMPATH\CodeIgniter.php(457): CodeIgniter\CodeIgniter->runController(Object(App\Controllers\MedicController))
 6 SYSTEMPATH\CodeIgniter.php(340): CodeIgniter\CodeIgniter->handleRequest(null, Object(Config\Cache), false)
 7 FCPATH\index.php(67): CodeIgniter\CodeIgniter->run()
CRITICAL - 2022-08-25 16:04:04 --> Invalid file: bienvenido.php
in SYSTEMPATH\Exceptions\FrameworkException.php on line 33.
 1 SYSTEMPATH\View\View.php(201): CodeIgniter\Exceptions\FrameworkException::forInvalidFile('bienvenido.php')
 2 SYSTEMPATH\Common.php(1137): CodeIgniter\View\View->render('bienvenido.php', [], true)
 3 APPPATH\Controllers\BienvenidoController.php(10): view('bienvenido.php')
 4 SYSTEMPATH\CodeIgniter.php(904): App\Controllers\BienvenidoController->bienvenido()
 5 SYSTEMPATH\CodeIgniter.php(457): CodeIgniter\CodeIgniter->runController(Object(App\Controllers\BienvenidoController))
 6 SYSTEMPATH\CodeIgniter.php(340): CodeIgniter\CodeIgniter->handleRequest(null, Object(Config\Cache), false)
 7 FCPATH\index.php(67): CodeIgniter\CodeIgniter->run()
CRITICAL - 2022-08-25 16:04:16 --> Invalid file: bienvenido.php
in SYSTEMPATH\Exceptions\FrameworkException.php on line 33.
 1 SYSTEMPATH\View\View.php(201): CodeIgniter\Exceptions\FrameworkException::forInvalidFile('bienvenido.php')
 2 SYSTEMPATH\Common.php(1137): CodeIgniter\View\View->render('bienvenido.php', [], true)
 3 APPPATH\Controllers\BienvenidoController.php(10): view('bienvenido.php')
 4 SYSTEMPATH\CodeIgniter.php(904): App\Controllers\BienvenidoController->bienvenido()
 5 SYSTEMPATH\CodeIgniter.php(457): CodeIgniter\CodeIgniter->runController(Object(App\Controllers\BienvenidoController))
 6 SYSTEMPATH\CodeIgniter.php(340): CodeIgniter\CodeIgniter->handleRequest(null, Object(Config\Cache), false)
 7 FCPATH\index.php(67): CodeIgniter\CodeIgniter->run()
CRITICAL - 2022-08-25 16:04:17 --> Invalid file: bienvenido.php
in SYSTEMPATH\Exceptions\FrameworkException.php on line 33.
 1 SYSTEMPATH\View\View.php(201): CodeIgniter\Exceptions\FrameworkException::forInvalidFile('bienvenido.php')
 2 SYSTEMPATH\Common.php(1137): CodeIgniter\View\View->render('bienvenido.php', [], true)
 3 APPPATH\Controllers\BienvenidoController.php(10): view('bienvenido.php')
 4 SYSTEMPATH\CodeIgniter.php(904): App\Controllers\BienvenidoController->bienvenido()
 5 SYSTEMPATH\CodeIgniter.php(457): CodeIgniter\CodeIgniter->runController(Object(App\Controllers\BienvenidoController))
 6 SYSTEMPATH\CodeIgniter.php(340): CodeIgniter\CodeIgniter->handleRequest(null, Object(Config\Cache), false)
 7 FCPATH\index.php(67): CodeIgniter\CodeIgniter->run()
CRITICAL - 2022-08-25 16:12:44 --> include(public/Navs/NavSuperior.php): failed to open stream: No such file or directory
in APPPATH\Views\bienvenido.php on line 12.
 1 APPPATH\Views\bienvenido.php(12): CodeIgniter\Debug\Exceptions->errorHandler(2, 'include(public/Navs/NavSuperior.php): failed to open stream: No such file or directory', 'APPPATH\\Views\\bienvenido.php', 12, [])
 2 APPPATH\Views\bienvenido.php(12): include()
 3 SYSTEMPATH\View\View.php(213): include('APPPATH\\Views\\bienvenido.php')
 4 SYSTEMPATH\View\View.php(216): CodeIgniter\View\View->CodeIgniter\View\{closure}()
 5 SYSTEMPATH\Common.php(1137): CodeIgniter\View\View->render('bienvenido.php', [], true)
 6 APPPATH\Controllers\BienvenidoController.php(10): view('bienvenido.php')
 7 SYSTEMPATH\CodeIgniter.php(904): App\Controllers\BienvenidoController->bienvenido()
 8 SYSTEMPATH\CodeIgniter.php(457): CodeIgniter\CodeIgniter->runController(Object(App\Controllers\BienvenidoController))
 9 SYSTEMPATH\CodeIgniter.php(340): CodeIgniter\CodeIgniter->handleRequest(null, Object(Config\Cache), false)
10 FCPATH\index.php(67): CodeIgniter\CodeIgniter->run()
CRITICAL - 2022-08-25 16:13:10 --> include(public/Navs/NavSuperior.php): failed to open stream: No such file or directory
in APPPATH\Views\bienvenido.php on line 12.
 1 APPPATH\Views\bienvenido.php(12): CodeIgniter\Debug\Exceptions->errorHandler(2, 'include(public/Navs/NavSuperior.php): failed to open stream: No such file or directory', 'APPPATH\\Views\\bienvenido.php', 12, [])
 2 APPPATH\Views\bienvenido.php(12): include()
 3 SYSTEMPATH\View\View.php(213): include('APPPATH\\Views\\bienvenido.php')
 4 SYSTEMPATH\View\View.php(216): CodeIgniter\View\View->CodeIgniter\View\{closure}()
 5 SYSTEMPATH\Common.php(1137): CodeIgniter\View\View->render('bienvenido.php', [], true)
 6 APPPATH\Controllers\BienvenidoController.php(10): view('bienvenido.php')
 7 SYSTEMPATH\CodeIgniter.php(904): App\Controllers\BienvenidoController->bienvenido()
 8 SYSTEMPATH\CodeIgniter.php(457): CodeIgniter\CodeIgniter->runController(Object(App\Controllers\BienvenidoController))
 9 SYSTEMPATH\CodeIgniter.php(340): CodeIgniter\CodeIgniter->handleRequest(null, Object(Config\Cache), false)
10 FCPATH\index.php(67): CodeIgniter\CodeIgniter->run()
CRITICAL - 2022-08-25 16:13:15 --> include(/Navs/NavSuperior.php): failed to open stream: No such file or directory
in APPPATH\Views\bienvenido.php on line 12.
 1 APPPATH\Views\bienvenido.php(12): CodeIgniter\Debug\Exceptions->errorHandler(2, 'include(/Navs/NavSuperior.php): failed to open stream: No such file or directory', 'APPPATH\\Views\\bienvenido.php', 12, [])
 2 APPPATH\Views\bienvenido.php(12): include()
 3 SYSTEMPATH\View\View.php(213): include('APPPATH\\Views\\bienvenido.php')
 4 SYSTEMPATH\View\View.php(216): CodeIgniter\View\View->CodeIgniter\View\{closure}()
 5 SYSTEMPATH\Common.php(1137): CodeIgniter\View\View->render('bienvenido.php', [], true)
 6 APPPATH\Controllers\BienvenidoController.php(10): view('bienvenido.php')
 7 SYSTEMPATH\CodeIgniter.php(904): App\Controllers\BienvenidoController->bienvenido()
 8 SYSTEMPATH\CodeIgniter.php(457): CodeIgniter\CodeIgniter->runController(Object(App\Controllers\BienvenidoController))
 9 SYSTEMPATH\CodeIgniter.php(340): CodeIgniter\CodeIgniter->handleRequest(null, Object(Config\Cache), false)
10 FCPATH\index.php(67): CodeIgniter\CodeIgniter->run()
CRITICAL - 2022-08-25 19:32:12 --> include(public/Navs/NavSuperior.php): failed to open stream: No such file or directory
in APPPATH\Views\bienvenido.php on line 12.
 1 APPPATH\Views\bienvenido.php(12): CodeIgniter\Debug\Exceptions->errorHandler(2, 'include(public/Navs/NavSuperior.php): failed to open stream: No such file or directory', 'APPPATH\\Views\\bienvenido.php', 12, [])
 2 APPPATH\Views\bienvenido.php(12): include()
 3 SYSTEMPATH\View\View.php(213): include('APPPATH\\Views\\bienvenido.php')
 4 SYSTEMPATH\View\View.php(216): CodeIgniter\View\View->CodeIgniter\View\{closure}()
 5 SYSTEMPATH\Common.php(1137): CodeIgniter\View\View->render('bienvenido.php', [], true)
 6 APPPATH\Controllers\BienvenidoController.php(10): view('bienvenido.php')
 7 SYSTEMPATH\CodeIgniter.php(904): App\Controllers\BienvenidoController->bienvenido()
 8 SYSTEMPATH\CodeIgniter.php(457): CodeIgniter\CodeIgniter->runController(Object(App\Controllers\BienvenidoController))
 9 SYSTEMPATH\CodeIgniter.php(340): CodeIgniter\CodeIgniter->handleRequest(null, Object(Config\Cache), false)
10 FCPATH\index.php(67): CodeIgniter\CodeIgniter->run()
CRITICAL - 2022-08-25 19:32:24 --> include(public/Navs/NavSuperior.php): failed to open stream: No such file or directory
in APPPATH\Views\bienvenido.php on line 12.
 1 APPPATH\Views\bienvenido.php(12): CodeIgniter\Debug\Exceptions->errorHandler(2, 'include(public/Navs/NavSuperior.php): failed to open stream: No such file or directory', 'APPPATH\\Views\\bienvenido.php', 12, [])
 2 APPPATH\Views\bienvenido.php(12): include()
 3 SYSTEMPATH\View\View.php(213): include('APPPATH\\Views\\bienvenido.php')
 4 SYSTEMPATH\View\View.php(216): CodeIgniter\View\View->CodeIgniter\View\{closure}()
 5 SYSTEMPATH\Common.php(1137): CodeIgniter\View\View->render('bienvenido.php', [], true)
 6 APPPATH\Controllers\BienvenidoController.php(10): view('bienvenido.php')
 7 SYSTEMPATH\CodeIgniter.php(904): App\Controllers\BienvenidoController->bienvenido()
 8 SYSTEMPATH\CodeIgniter.php(457): CodeIgniter\CodeIgniter->runController(Object(App\Controllers\BienvenidoController))
 9 SYSTEMPATH\CodeIgniter.php(340): CodeIgniter\CodeIgniter->handleRequest(null, Object(Config\Cache), false)
10 FCPATH\index.php(67): CodeIgniter\CodeIgniter->run()
CRITICAL - 2022-08-25 19:32:34 --> include(public/Navs/NavSuperior.php): failed to open stream: No such file or directory
in APPPATH\Views\bienvenido.php on line 12.
 1 APPPATH\Views\bienvenido.php(12): CodeIgniter\Debug\Exceptions->errorHandler(2, 'include(public/Navs/NavSuperior.php): failed to open stream: No such file or directory', 'APPPATH\\Views\\bienvenido.php', 12, [])
 2 APPPATH\Views\bienvenido.php(12): include()
 3 SYSTEMPATH\View\View.php(213): include('APPPATH\\Views\\bienvenido.php')
 4 SYSTEMPATH\View\View.php(216): CodeIgniter\View\View->CodeIgniter\View\{closure}()
 5 SYSTEMPATH\Common.php(1137): CodeIgniter\View\View->render('bienvenido.php', [], true)
 6 APPPATH\Controllers\BienvenidoController.php(10): view('bienvenido.php')
 7 SYSTEMPATH\CodeIgniter.php(904): App\Controllers\BienvenidoController->bienvenido()
 8 SYSTEMPATH\CodeIgniter.php(457): CodeIgniter\CodeIgniter->runController(Object(App\Controllers\BienvenidoController))
 9 SYSTEMPATH\CodeIgniter.php(340): CodeIgniter\CodeIgniter->handleRequest(null, Object(Config\Cache), false)
10 FCPATH\index.php(67): CodeIgniter\CodeIgniter->run()
CRITICAL - 2022-08-25 19:32:35 --> include(public/Navs/NavSuperior.php): failed to open stream: No such file or directory
in APPPATH\Views\bienvenido.php on line 12.
 1 APPPATH\Views\bienvenido.php(12): CodeIgniter\Debug\Exceptions->errorHandler(2, 'include(public/Navs/NavSuperior.php): failed to open stream: No such file or directory', 'APPPATH\\Views\\bienvenido.php', 12, [])
 2 APPPATH\Views\bienvenido.php(12): include()
 3 SYSTEMPATH\View\View.php(213): include('APPPATH\\Views\\bienvenido.php')
 4 SYSTEMPATH\View\View.php(216): CodeIgniter\View\View->CodeIgniter\View\{closure}()
 5 SYSTEMPATH\Common.php(1137): CodeIgniter\View\View->render('bienvenido.php', [], true)
 6 APPPATH\Controllers\BienvenidoController.php(10): view('bienvenido.php')
 7 SYSTEMPATH\CodeIgniter.php(904): App\Controllers\BienvenidoController->bienvenido()
 8 SYSTEMPATH\CodeIgniter.php(457): CodeIgniter\CodeIgniter->runController(Object(App\Controllers\BienvenidoController))
 9 SYSTEMPATH\CodeIgniter.php(340): CodeIgniter\CodeIgniter->handleRequest(null, Object(Config\Cache), false)
10 FCPATH\index.php(67): CodeIgniter\CodeIgniter->run()
CRITICAL - 2022-08-25 19:32:42 --> include(public/Navs/NavSuperior.php): failed to open stream: No such file or directory
in APPPATH\Views\bienvenido.php on line 12.
 1 APPPATH\Views\bienvenido.php(12): CodeIgniter\Debug\Exceptions->errorHandler(2, 'include(public/Navs/NavSuperior.php): failed to open stream: No such file or directory', 'APPPATH\\Views\\bienvenido.php', 12, [])
 2 APPPATH\Views\bienvenido.php(12): include()
 3 SYSTEMPATH\View\View.php(213): include('APPPATH\\Views\\bienvenido.php')
 4 SYSTEMPATH\View\View.php(216): CodeIgniter\View\View->CodeIgniter\View\{closure}()
 5 SYSTEMPATH\Common.php(1137): CodeIgniter\View\View->render('bienvenido.php', [], true)
 6 APPPATH\Controllers\BienvenidoController.php(10): view('bienvenido.php')
 7 SYSTEMPATH\CodeIgniter.php(904): App\Controllers\BienvenidoController->bienvenido()
 8 SYSTEMPATH\CodeIgniter.php(457): CodeIgniter\CodeIgniter->runController(Object(App\Controllers\BienvenidoController))
 9 SYSTEMPATH\CodeIgniter.php(340): CodeIgniter\CodeIgniter->handleRequest(null, Object(Config\Cache), false)
10 FCPATH\index.php(67): CodeIgniter\CodeIgniter->run()
CRITICAL - 2022-08-25 19:33:13 --> include(/public/Navs/NavSuperior.php): failed to open stream: No such file or directory
in APPPATH\Views\bienvenido.php on line 12.
 1 APPPATH\Views\bienvenido.php(12): CodeIgniter\Debug\Exceptions->errorHandler(2, 'include(/public/Navs/NavSuperior.php): failed to open stream: No such file or directory', 'APPPATH\\Views\\bienvenido.php', 12, [])
 2 APPPATH\Views\bienvenido.php(12): include()
 3 SYSTEMPATH\View\View.php(213): include('APPPATH\\Views\\bienvenido.php')
 4 SYSTEMPATH\View\View.php(216): CodeIgniter\View\View->CodeIgniter\View\{closure}()
 5 SYSTEMPATH\Common.php(1137): CodeIgniter\View\View->render('bienvenido.php', [], true)
 6 APPPATH\Controllers\BienvenidoController.php(10): view('bienvenido.php')
 7 SYSTEMPATH\CodeIgniter.php(904): App\Controllers\BienvenidoController->bienvenido()
 8 SYSTEMPATH\CodeIgniter.php(457): CodeIgniter\CodeIgniter->runController(Object(App\Controllers\BienvenidoController))
 9 SYSTEMPATH\CodeIgniter.php(340): CodeIgniter\CodeIgniter->handleRequest(null, Object(Config\Cache), false)
10 FCPATH\index.php(67): CodeIgniter\CodeIgniter->run()
CRITICAL - 2022-08-25 19:33:23 --> include(/public/Navs/NavSuperior.php): failed to open stream: No such file or directory
in APPPATH\Views\bienvenido.php on line 12.
 1 APPPATH\Views\bienvenido.php(12): CodeIgniter\Debug\Exceptions->errorHandler(2, 'include(/public/Navs/NavSuperior.php): failed to open stream: No such file or directory', 'APPPATH\\Views\\bienvenido.php', 12, [])
 2 APPPATH\Views\bienvenido.php(12): include()
 3 SYSTEMPATH\View\View.php(213): include('APPPATH\\Views\\bienvenido.php')
 4 SYSTEMPATH\View\View.php(216): CodeIgniter\View\View->CodeIgniter\View\{closure}()
 5 SYSTEMPATH\Common.php(1137): CodeIgniter\View\View->render('bienvenido.php', [], true)
 6 APPPATH\Controllers\BienvenidoController.php(10): view('bienvenido.php')
 7 SYSTEMPATH\CodeIgniter.php(904): App\Controllers\BienvenidoController->bienvenido()
 8 SYSTEMPATH\CodeIgniter.php(457): CodeIgniter\CodeIgniter->runController(Object(App\Controllers\BienvenidoController))
 9 SYSTEMPATH\CodeIgniter.php(340): CodeIgniter\CodeIgniter->handleRequest(null, Object(Config\Cache), false)
10 FCPATH\index.php(67): CodeIgniter\CodeIgniter->run()
CRITICAL - 2022-08-25 19:33:23 --> include(/public/Navs/NavSuperior.php): failed to open stream: No such file or directory
in APPPATH\Views\bienvenido.php on line 12.
 1 APPPATH\Views\bienvenido.php(12): CodeIgniter\Debug\Exceptions->errorHandler(2, 'include(/public/Navs/NavSuperior.php): failed to open stream: No such file or directory', 'APPPATH\\Views\\bienvenido.php', 12, [])
 2 APPPATH\Views\bienvenido.php(12): include()
 3 SYSTEMPATH\View\View.php(213): include('APPPATH\\Views\\bienvenido.php')
 4 SYSTEMPATH\View\View.php(216): CodeIgniter\View\View->CodeIgniter\View\{closure}()
 5 SYSTEMPATH\Common.php(1137): CodeIgniter\View\View->render('bienvenido.php', [], true)
 6 APPPATH\Controllers\BienvenidoController.php(10): view('bienvenido.php')
 7 SYSTEMPATH\CodeIgniter.php(904): App\Controllers\BienvenidoController->bienvenido()
 8 SYSTEMPATH\CodeIgniter.php(457): CodeIgniter\CodeIgniter->runController(Object(App\Controllers\BienvenidoController))
 9 SYSTEMPATH\CodeIgniter.php(340): CodeIgniter\CodeIgniter->handleRequest(null, Object(Config\Cache), false)
10 FCPATH\index.php(67): CodeIgniter\CodeIgniter->run()
CRITICAL - 2022-08-25 19:33:44 --> include(./public/Navs/NavSuperior.php): failed to open stream: No such file or directory
in APPPATH\Views\bienvenido.php on line 12.
 1 APPPATH\Views\bienvenido.php(12): CodeIgniter\Debug\Exceptions->errorHandler(2, 'include(./public/Navs/NavSuperior.php): failed to open stream: No such file or directory', 'APPPATH\\Views\\bienvenido.php', 12, [])
 2 APPPATH\Views\bienvenido.php(12): include()
 3 SYSTEMPATH\View\View.php(213): include('APPPATH\\Views\\bienvenido.php')
 4 SYSTEMPATH\View\View.php(216): CodeIgniter\View\View->CodeIgniter\View\{closure}()
 5 SYSTEMPATH\Common.php(1137): CodeIgniter\View\View->render('bienvenido.php', [], true)
 6 APPPATH\Controllers\BienvenidoController.php(10): view('bienvenido.php')
 7 SYSTEMPATH\CodeIgniter.php(904): App\Controllers\BienvenidoController->bienvenido()
 8 SYSTEMPATH\CodeIgniter.php(457): CodeIgniter\CodeIgniter->runController(Object(App\Controllers\BienvenidoController))
 9 SYSTEMPATH\CodeIgniter.php(340): CodeIgniter\CodeIgniter->handleRequest(null, Object(Config\Cache), false)
10 FCPATH\index.php(67): CodeIgniter\CodeIgniter->run()
CRITICAL - 2022-08-25 19:33:49 --> include(./public/Navs/NavSuperior.php): failed to open stream: No such file or directory
in APPPATH\Views\bienvenido.php on line 12.
 1 APPPATH\Views\bienvenido.php(12): CodeIgniter\Debug\Exceptions->errorHandler(2, 'include(./public/Navs/NavSuperior.php): failed to open stream: No such file or directory', 'APPPATH\\Views\\bienvenido.php', 12, [])
 2 APPPATH\Views\bienvenido.php(12): include()
 3 SYSTEMPATH\View\View.php(213): include('APPPATH\\Views\\bienvenido.php')
 4 SYSTEMPATH\View\View.php(216): CodeIgniter\View\View->CodeIgniter\View\{closure}()
 5 SYSTEMPATH\Common.php(1137): CodeIgniter\View\View->render('bienvenido.php', [], true)
 6 APPPATH\Controllers\BienvenidoController.php(10): view('bienvenido.php')
 7 SYSTEMPATH\CodeIgniter.php(904): App\Controllers\BienvenidoController->bienvenido()
 8 SYSTEMPATH\CodeIgniter.php(457): CodeIgniter\CodeIgniter->runController(Object(App\Controllers\BienvenidoController))
 9 SYSTEMPATH\CodeIgniter.php(340): CodeIgniter\CodeIgniter->handleRequest(null, Object(Config\Cache), false)
10 FCPATH\index.php(67): CodeIgniter\CodeIgniter->run()
CRITICAL - 2022-08-25 19:53:37 --> include_once(include/navLateral.php): failed to open stream: No such file or directory
in APPPATH\Views\bienvenido.php on line 14.
 1 APPPATH\Views\bienvenido.php(14): CodeIgniter\Debug\Exceptions->errorHandler(2, 'include_once(include/navLateral.php): failed to open stream: No such file or directory', 'APPPATH\\Views\\bienvenido.php', 14, [])
 2 APPPATH\Views\bienvenido.php(14): include_once()
 3 SYSTEMPATH\View\View.php(213): include('APPPATH\\Views\\bienvenido.php')
 4 SYSTEMPATH\View\View.php(216): CodeIgniter\View\View->CodeIgniter\View\{closure}()
 5 SYSTEMPATH\Common.php(1137): CodeIgniter\View\View->render('bienvenido.php', [], true)
 6 APPPATH\Controllers\BienvenidoController.php(10): view('bienvenido.php')
 7 SYSTEMPATH\CodeIgniter.php(904): App\Controllers\BienvenidoController->bienvenido()
 8 SYSTEMPATH\CodeIgniter.php(457): CodeIgniter\CodeIgniter->runController(Object(App\Controllers\BienvenidoController))
 9 SYSTEMPATH\CodeIgniter.php(340): CodeIgniter\CodeIgniter->handleRequest(null, Object(Config\Cache), false)
10 FCPATH\index.php(67): CodeIgniter\CodeIgniter->run()
CRITICAL - 2022-08-25 19:53:37 --> include_once(include/navLateral.php): failed to open stream: No such file or directory
in APPPATH\Views\bienvenido.php on line 14.
 1 APPPATH\Views\bienvenido.php(14): CodeIgniter\Debug\Exceptions->errorHandler(2, 'include_once(include/navLateral.php): failed to open stream: No such file or directory', 'APPPATH\\Views\\bienvenido.php', 14, [])
 2 APPPATH\Views\bienvenido.php(14): include_once()
 3 SYSTEMPATH\View\View.php(213): include('APPPATH\\Views\\bienvenido.php')
 4 SYSTEMPATH\View\View.php(216): CodeIgniter\View\View->CodeIgniter\View\{closure}()
 5 SYSTEMPATH\Common.php(1137): CodeIgniter\View\View->render('bienvenido.php', [], true)
 6 APPPATH\Controllers\BienvenidoController.php(10): view('bienvenido.php')
 7 SYSTEMPATH\CodeIgniter.php(904): App\Controllers\BienvenidoController->bienvenido()
 8 SYSTEMPATH\CodeIgniter.php(457): CodeIgniter\CodeIgniter->runController(Object(App\Controllers\BienvenidoController))
 9 SYSTEMPATH\CodeIgniter.php(340): CodeIgniter\CodeIgniter->handleRequest(null, Object(Config\Cache), false)
10 FCPATH\index.php(67): CodeIgniter\CodeIgniter->run()
CRITICAL - 2022-08-25 19:53:58 --> include_once(include/navLateral.php): failed to open stream: No such file or directory
in APPPATH\Views\bienvenido.php on line 14.
 1 APPPATH\Views\bienvenido.php(14): CodeIgniter\Debug\Exceptions->errorHandler(2, 'include_once(include/navLateral.php): failed to open stream: No such file or directory', 'APPPATH\\Views\\bienvenido.php', 14, [])
 2 APPPATH\Views\bienvenido.php(14): include_once()
 3 SYSTEMPATH\View\View.php(213): include('APPPATH\\Views\\bienvenido.php')
 4 SYSTEMPATH\View\View.php(216): CodeIgniter\View\View->CodeIgniter\View\{closure}()
 5 SYSTEMPATH\Common.php(1137): CodeIgniter\View\View->render('bienvenido.php', [], true)
 6 APPPATH\Controllers\BienvenidoController.php(10): view('bienvenido.php')
 7 SYSTEMPATH\CodeIgniter.php(904): App\Controllers\BienvenidoController->bienvenido()
 8 SYSTEMPATH\CodeIgniter.php(457): CodeIgniter\CodeIgniter->runController(Object(App\Controllers\BienvenidoController))
 9 SYSTEMPATH\CodeIgniter.php(340): CodeIgniter\CodeIgniter->handleRequest(null, Object(Config\Cache), false)
10 FCPATH\index.php(67): CodeIgniter\CodeIgniter->run()
CRITICAL - 2022-08-25 19:53:59 --> include_once(include/navLateral.php): failed to open stream: No such file or directory
in APPPATH\Views\bienvenido.php on line 14.
 1 APPPATH\Views\bienvenido.php(14): CodeIgniter\Debug\Exceptions->errorHandler(2, 'include_once(include/navLateral.php): failed to open stream: No such file or directory', 'APPPATH\\Views\\bienvenido.php', 14, [])
 2 APPPATH\Views\bienvenido.php(14): include_once()
 3 SYSTEMPATH\View\View.php(213): include('APPPATH\\Views\\bienvenido.php')
 4 SYSTEMPATH\View\View.php(216): CodeIgniter\View\View->CodeIgniter\View\{closure}()
 5 SYSTEMPATH\Common.php(1137): CodeIgniter\View\View->render('bienvenido.php', [], true)
 6 APPPATH\Controllers\BienvenidoController.php(10): view('bienvenido.php')
 7 SYSTEMPATH\CodeIgniter.php(904): App\Controllers\BienvenidoController->bienvenido()
 8 SYSTEMPATH\CodeIgniter.php(457): CodeIgniter\CodeIgniter->runController(Object(App\Controllers\BienvenidoController))
 9 SYSTEMPATH\CodeIgniter.php(340): CodeIgniter\CodeIgniter->handleRequest(null, Object(Config\Cache), false)
10 FCPATH\index.php(67): CodeIgniter\CodeIgniter->run()
CRITICAL - 2022-08-25 19:54:07 --> include_once(include/navLateral.php): failed to open stream: No such file or directory
in APPPATH\Views\bienvenido.php on line 14.
 1 APPPATH\Views\bienvenido.php(14): CodeIgniter\Debug\Exceptions->errorHandler(2, 'include_once(include/navLateral.php): failed to open stream: No such file or directory', 'APPPATH\\Views\\bienvenido.php', 14, [])
 2 APPPATH\Views\bienvenido.php(14): include_once()
 3 SYSTEMPATH\View\View.php(213): include('APPPATH\\Views\\bienvenido.php')
 4 SYSTEMPATH\View\View.php(216): CodeIgniter\View\View->CodeIgniter\View\{closure}()
 5 SYSTEMPATH\Common.php(1137): CodeIgniter\View\View->render('bienvenido.php', [], true)
 6 APPPATH\Controllers\BienvenidoController.php(10): view('bienvenido.php')
 7 SYSTEMPATH\CodeIgniter.php(904): App\Controllers\BienvenidoController->bienvenido()
 8 SYSTEMPATH\CodeIgniter.php(457): CodeIgniter\CodeIgniter->runController(Object(App\Controllers\BienvenidoController))
 9 SYSTEMPATH\CodeIgniter.php(340): CodeIgniter\CodeIgniter->handleRequest(null, Object(Config\Cache), false)
10 FCPATH\index.php(67): CodeIgniter\CodeIgniter->run()
CRITICAL - 2022-08-25 19:54:08 --> include_once(include/navLateral.php): failed to open stream: No such file or directory
in APPPATH\Views\bienvenido.php on line 14.
 1 APPPATH\Views\bienvenido.php(14): CodeIgniter\Debug\Exceptions->errorHandler(2, 'include_once(include/navLateral.php): failed to open stream: No such file or directory', 'APPPATH\\Views\\bienvenido.php', 14, [])
 2 APPPATH\Views\bienvenido.php(14): include_once()
 3 SYSTEMPATH\View\View.php(213): include('APPPATH\\Views\\bienvenido.php')
 4 SYSTEMPATH\View\View.php(216): CodeIgniter\View\View->CodeIgniter\View\{closure}()
 5 SYSTEMPATH\Common.php(1137): CodeIgniter\View\View->render('bienvenido.php', [], true)
 6 APPPATH\Controllers\BienvenidoController.php(10): view('bienvenido.php')
 7 SYSTEMPATH\CodeIgniter.php(904): App\Controllers\BienvenidoController->bienvenido()
 8 SYSTEMPATH\CodeIgniter.php(457): CodeIgniter\CodeIgniter->runController(Object(App\Controllers\BienvenidoController))
 9 SYSTEMPATH\CodeIgniter.php(340): CodeIgniter\CodeIgniter->handleRequest(null, Object(Config\Cache), false)
10 FCPATH\index.php(67): CodeIgniter\CodeIgniter->run()
